{"/Users/implmbp142/Desktop/inventory-system/frontend/src/images/carbonated/22.png": {"path":"/Users/implmbp142/Desktop/inventory-system/frontend/src/images/carbonated/22.png","statementMap":{},"fnMap":{},"branchMap":{},"s":{},"f":{},"b":{},"meta":{"lastBranch":0,"lastFunction":0,"lastStatement":0,"seen":{}}}
,"/Users/implmbp142/Desktop/inventory-system/frontend/src/images/carbonated/23.png": {"path":"/Users/implmbp142/Desktop/inventory-system/frontend/src/images/carbonated/23.png","statementMap":{},"fnMap":{},"branchMap":{},"s":{},"f":{},"b":{},"meta":{"lastBranch":0,"lastFunction":0,"lastStatement":0,"seen":{}}}
,"/Users/implmbp142/Desktop/inventory-system/frontend/src/images/carbonated/24.png": {"path":"/Users/implmbp142/Desktop/inventory-system/frontend/src/images/carbonated/24.png","statementMap":{},"fnMap":{},"branchMap":{},"s":{},"f":{},"b":{},"meta":{"lastBranch":0,"lastFunction":0,"lastStatement":0,"seen":{}}}
,"/Users/implmbp142/Desktop/inventory-system/frontend/src/images/carbonated/25.png": {"path":"/Users/implmbp142/Desktop/inventory-system/frontend/src/images/carbonated/25.png","statementMap":{},"fnMap":{},"branchMap":{},"s":{},"f":{},"b":{},"meta":{"lastBranch":0,"lastFunction":0,"lastStatement":0,"seen":{}}}
,"/Users/implmbp142/Desktop/inventory-system/frontend/src/images/carbonated/26.png": {"path":"/Users/implmbp142/Desktop/inventory-system/frontend/src/images/carbonated/26.png","statementMap":{},"fnMap":{},"branchMap":{},"s":{},"f":{},"b":{},"meta":{"lastBranch":0,"lastFunction":0,"lastStatement":0,"seen":{}}}
,"/Users/implmbp142/Desktop/inventory-system/frontend/src/images/carbonated/27.png": {"path":"/Users/implmbp142/Desktop/inventory-system/frontend/src/images/carbonated/27.png","statementMap":{},"fnMap":{},"branchMap":{},"s":{},"f":{},"b":{},"meta":{"lastBranch":0,"lastFunction":0,"lastStatement":0,"seen":{}}}
,"/Users/implmbp142/Desktop/inventory-system/frontend/src/images/coffe/19.png": {"path":"/Users/implmbp142/Desktop/inventory-system/frontend/src/images/coffe/19.png","statementMap":{},"fnMap":{},"branchMap":{},"s":{},"f":{},"b":{},"meta":{"lastBranch":0,"lastFunction":0,"lastStatement":0,"seen":{}}}
,"/Users/implmbp142/Desktop/inventory-system/frontend/src/images/coffe/20.png": {"path":"/Users/implmbp142/Desktop/inventory-system/frontend/src/images/coffe/20.png","statementMap":{},"fnMap":{},"branchMap":{},"s":{},"f":{},"b":{},"meta":{"lastBranch":0,"lastFunction":0,"lastStatement":0,"seen":{}}}
,"/Users/implmbp142/Desktop/inventory-system/frontend/src/images/coffe/21.png": {"path":"/Users/implmbp142/Desktop/inventory-system/frontend/src/images/coffe/21.png","statementMap":{},"fnMap":{},"branchMap":{},"s":{},"f":{},"b":{},"meta":{"lastBranch":0,"lastFunction":0,"lastStatement":0,"seen":{}}}
,"/Users/implmbp142/Desktop/inventory-system/frontend/src/images/energy/43.png": {"path":"/Users/implmbp142/Desktop/inventory-system/frontend/src/images/energy/43.png","statementMap":{},"fnMap":{},"branchMap":{},"s":{},"f":{},"b":{},"meta":{"lastBranch":0,"lastFunction":0,"lastStatement":0,"seen":{}}}
,"/Users/implmbp142/Desktop/inventory-system/frontend/src/images/energy/44.png": {"path":"/Users/implmbp142/Desktop/inventory-system/frontend/src/images/energy/44.png","statementMap":{},"fnMap":{},"branchMap":{},"s":{},"f":{},"b":{},"meta":{"lastBranch":0,"lastFunction":0,"lastStatement":0,"seen":{}}}
,"/Users/implmbp142/Desktop/inventory-system/frontend/src/images/energy/45.png": {"path":"/Users/implmbp142/Desktop/inventory-system/frontend/src/images/energy/45.png","statementMap":{},"fnMap":{},"branchMap":{},"s":{},"f":{},"b":{},"meta":{"lastBranch":0,"lastFunction":0,"lastStatement":0,"seen":{}}}
,"/Users/implmbp142/Desktop/inventory-system/frontend/src/images/fruits/28.png": {"path":"/Users/implmbp142/Desktop/inventory-system/frontend/src/images/fruits/28.png","statementMap":{},"fnMap":{},"branchMap":{},"s":{},"f":{},"b":{},"meta":{"lastBranch":0,"lastFunction":0,"lastStatement":0,"seen":{}}}
,"/Users/implmbp142/Desktop/inventory-system/frontend/src/images/fruits/29.png": {"path":"/Users/implmbp142/Desktop/inventory-system/frontend/src/images/fruits/29.png","statementMap":{},"fnMap":{},"branchMap":{},"s":{},"f":{},"b":{},"meta":{"lastBranch":0,"lastFunction":0,"lastStatement":0,"seen":{}}}
,"/Users/implmbp142/Desktop/inventory-system/frontend/src/images/fruits/30.png": {"path":"/Users/implmbp142/Desktop/inventory-system/frontend/src/images/fruits/30.png","statementMap":{},"fnMap":{},"branchMap":{},"s":{},"f":{},"b":{},"meta":{"lastBranch":0,"lastFunction":0,"lastStatement":0,"seen":{}}}
,"/Users/implmbp142/Desktop/inventory-system/frontend/src/images/fruits/31.png": {"path":"/Users/implmbp142/Desktop/inventory-system/frontend/src/images/fruits/31.png","statementMap":{},"fnMap":{},"branchMap":{},"s":{},"f":{},"b":{},"meta":{"lastBranch":0,"lastFunction":0,"lastStatement":0,"seen":{}}}
,"/Users/implmbp142/Desktop/inventory-system/frontend/src/images/fruits/32.png": {"path":"/Users/implmbp142/Desktop/inventory-system/frontend/src/images/fruits/32.png","statementMap":{},"fnMap":{},"branchMap":{},"s":{},"f":{},"b":{},"meta":{"lastBranch":0,"lastFunction":0,"lastStatement":0,"seen":{}}}
,"/Users/implmbp142/Desktop/inventory-system/frontend/src/images/fruits/33.png": {"path":"/Users/implmbp142/Desktop/inventory-system/frontend/src/images/fruits/33.png","statementMap":{},"fnMap":{},"branchMap":{},"s":{},"f":{},"b":{},"meta":{"lastBranch":0,"lastFunction":0,"lastStatement":0,"seen":{}}}
,"/Users/implmbp142/Desktop/inventory-system/frontend/src/images/health/40.png": {"path":"/Users/implmbp142/Desktop/inventory-system/frontend/src/images/health/40.png","statementMap":{},"fnMap":{},"branchMap":{},"s":{},"f":{},"b":{},"meta":{"lastBranch":0,"lastFunction":0,"lastStatement":0,"seen":{}}}
,"/Users/implmbp142/Desktop/inventory-system/frontend/src/images/health/41.png": {"path":"/Users/implmbp142/Desktop/inventory-system/frontend/src/images/health/41.png","statementMap":{},"fnMap":{},"branchMap":{},"s":{},"f":{},"b":{},"meta":{"lastBranch":0,"lastFunction":0,"lastStatement":0,"seen":{}}}
,"/Users/implmbp142/Desktop/inventory-system/frontend/src/images/health/42.png": {"path":"/Users/implmbp142/Desktop/inventory-system/frontend/src/images/health/42.png","statementMap":{},"fnMap":{},"branchMap":{},"s":{},"f":{},"b":{},"meta":{"lastBranch":0,"lastFunction":0,"lastStatement":0,"seen":{}}}
,"/Users/implmbp142/Desktop/inventory-system/frontend/src/images/milky/46.png": {"path":"/Users/implmbp142/Desktop/inventory-system/frontend/src/images/milky/46.png","statementMap":{},"fnMap":{},"branchMap":{},"s":{},"f":{},"b":{},"meta":{"lastBranch":0,"lastFunction":0,"lastStatement":0,"seen":{}}}
,"/Users/implmbp142/Desktop/inventory-system/frontend/src/images/milky/47.png": {"path":"/Users/implmbp142/Desktop/inventory-system/frontend/src/images/milky/47.png","statementMap":{},"fnMap":{},"branchMap":{},"s":{},"f":{},"b":{},"meta":{"lastBranch":0,"lastFunction":0,"lastStatement":0,"seen":{}}}
,"/Users/implmbp142/Desktop/inventory-system/frontend/src/images/milky/48.png": {"path":"/Users/implmbp142/Desktop/inventory-system/frontend/src/images/milky/48.png","statementMap":{},"fnMap":{},"branchMap":{},"s":{},"f":{},"b":{},"meta":{"lastBranch":0,"lastFunction":0,"lastStatement":0,"seen":{}}}
,"/Users/implmbp142/Desktop/inventory-system/frontend/src/images/milky/49.png": {"path":"/Users/implmbp142/Desktop/inventory-system/frontend/src/images/milky/49.png","statementMap":{},"fnMap":{},"branchMap":{},"s":{},"f":{},"b":{},"meta":{"lastBranch":0,"lastFunction":0,"lastStatement":0,"seen":{}}}
,"/Users/implmbp142/Desktop/inventory-system/frontend/src/images/milky/50.png": {"path":"/Users/implmbp142/Desktop/inventory-system/frontend/src/images/milky/50.png","statementMap":{},"fnMap":{},"branchMap":{},"s":{},"f":{},"b":{},"meta":{"lastBranch":0,"lastFunction":0,"lastStatement":0,"seen":{}}}
,"/Users/implmbp142/Desktop/inventory-system/frontend/src/images/others/51.png": {"path":"/Users/implmbp142/Desktop/inventory-system/frontend/src/images/others/51.png","statementMap":{},"fnMap":{},"branchMap":{},"s":{},"f":{},"b":{},"meta":{"lastBranch":0,"lastFunction":0,"lastStatement":0,"seen":{}}}
,"/Users/implmbp142/Desktop/inventory-system/frontend/src/images/others/52.png": {"path":"/Users/implmbp142/Desktop/inventory-system/frontend/src/images/others/52.png","statementMap":{},"fnMap":{},"branchMap":{},"s":{},"f":{},"b":{},"meta":{"lastBranch":0,"lastFunction":0,"lastStatement":0,"seen":{}}}
,"/Users/implmbp142/Desktop/inventory-system/frontend/src/images/others/53.png": {"path":"/Users/implmbp142/Desktop/inventory-system/frontend/src/images/others/53.png","statementMap":{},"fnMap":{},"branchMap":{},"s":{},"f":{},"b":{},"meta":{"lastBranch":0,"lastFunction":0,"lastStatement":0,"seen":{}}}
,"/Users/implmbp142/Desktop/inventory-system/frontend/src/images/sports/34.png": {"path":"/Users/implmbp142/Desktop/inventory-system/frontend/src/images/sports/34.png","statementMap":{},"fnMap":{},"branchMap":{},"s":{},"f":{},"b":{},"meta":{"lastBranch":0,"lastFunction":0,"lastStatement":0,"seen":{}}}
,"/Users/implmbp142/Desktop/inventory-system/frontend/src/images/sports/35.png": {"path":"/Users/implmbp142/Desktop/inventory-system/frontend/src/images/sports/35.png","statementMap":{},"fnMap":{},"branchMap":{},"s":{},"f":{},"b":{},"meta":{"lastBranch":0,"lastFunction":0,"lastStatement":0,"seen":{}}}
,"/Users/implmbp142/Desktop/inventory-system/frontend/src/images/sports/36.png": {"path":"/Users/implmbp142/Desktop/inventory-system/frontend/src/images/sports/36.png","statementMap":{},"fnMap":{},"branchMap":{},"s":{},"f":{},"b":{},"meta":{"lastBranch":0,"lastFunction":0,"lastStatement":0,"seen":{}}}
,"/Users/implmbp142/Desktop/inventory-system/frontend/src/images/sports/37.png": {"path":"/Users/implmbp142/Desktop/inventory-system/frontend/src/images/sports/37.png","statementMap":{},"fnMap":{},"branchMap":{},"s":{},"f":{},"b":{},"meta":{"lastBranch":0,"lastFunction":0,"lastStatement":0,"seen":{}}}
,"/Users/implmbp142/Desktop/inventory-system/frontend/src/images/sports/38.png": {"path":"/Users/implmbp142/Desktop/inventory-system/frontend/src/images/sports/38.png","statementMap":{},"fnMap":{},"branchMap":{},"s":{},"f":{},"b":{},"meta":{"lastBranch":0,"lastFunction":0,"lastStatement":0,"seen":{}}}
,"/Users/implmbp142/Desktop/inventory-system/frontend/src/images/sports/39.png": {"path":"/Users/implmbp142/Desktop/inventory-system/frontend/src/images/sports/39.png","statementMap":{},"fnMap":{},"branchMap":{},"s":{},"f":{},"b":{},"meta":{"lastBranch":0,"lastFunction":0,"lastStatement":0,"seen":{}}}
,"/Users/implmbp142/Desktop/inventory-system/frontend/src/images/tea/10.png": {"path":"/Users/implmbp142/Desktop/inventory-system/frontend/src/images/tea/10.png","statementMap":{},"fnMap":{},"branchMap":{},"s":{},"f":{},"b":{},"meta":{"lastBranch":0,"lastFunction":0,"lastStatement":0,"seen":{}}}
,"/Users/implmbp142/Desktop/inventory-system/frontend/src/images/tea/11.png": {"path":"/Users/implmbp142/Desktop/inventory-system/frontend/src/images/tea/11.png","statementMap":{},"fnMap":{},"branchMap":{},"s":{},"f":{},"b":{},"meta":{"lastBranch":0,"lastFunction":0,"lastStatement":0,"seen":{}}}
,"/Users/implmbp142/Desktop/inventory-system/frontend/src/images/tea/12.png": {"path":"/Users/implmbp142/Desktop/inventory-system/frontend/src/images/tea/12.png","statementMap":{},"fnMap":{},"branchMap":{},"s":{},"f":{},"b":{},"meta":{"lastBranch":0,"lastFunction":0,"lastStatement":0,"seen":{}}}
,"/Users/implmbp142/Desktop/inventory-system/frontend/src/images/tea/13.png": {"path":"/Users/implmbp142/Desktop/inventory-system/frontend/src/images/tea/13.png","statementMap":{},"fnMap":{},"branchMap":{},"s":{},"f":{},"b":{},"meta":{"lastBranch":0,"lastFunction":0,"lastStatement":0,"seen":{}}}
,"/Users/implmbp142/Desktop/inventory-system/frontend/src/images/tea/14.png": {"path":"/Users/implmbp142/Desktop/inventory-system/frontend/src/images/tea/14.png","statementMap":{},"fnMap":{},"branchMap":{},"s":{},"f":{},"b":{},"meta":{"lastBranch":0,"lastFunction":0,"lastStatement":0,"seen":{}}}
,"/Users/implmbp142/Desktop/inventory-system/frontend/src/images/tea/15.png": {"path":"/Users/implmbp142/Desktop/inventory-system/frontend/src/images/tea/15.png","statementMap":{},"fnMap":{},"branchMap":{},"s":{},"f":{},"b":{},"meta":{"lastBranch":0,"lastFunction":0,"lastStatement":0,"seen":{}}}
,"/Users/implmbp142/Desktop/inventory-system/frontend/src/images/tea/16.png": {"path":"/Users/implmbp142/Desktop/inventory-system/frontend/src/images/tea/16.png","statementMap":{},"fnMap":{},"branchMap":{},"s":{},"f":{},"b":{},"meta":{"lastBranch":0,"lastFunction":0,"lastStatement":0,"seen":{}}}
,"/Users/implmbp142/Desktop/inventory-system/frontend/src/images/tea/17.png": {"path":"/Users/implmbp142/Desktop/inventory-system/frontend/src/images/tea/17.png","statementMap":{},"fnMap":{},"branchMap":{},"s":{},"f":{},"b":{},"meta":{"lastBranch":0,"lastFunction":0,"lastStatement":0,"seen":{}}}
,"/Users/implmbp142/Desktop/inventory-system/frontend/src/images/tea/18.png": {"path":"/Users/implmbp142/Desktop/inventory-system/frontend/src/images/tea/18.png","statementMap":{},"fnMap":{},"branchMap":{},"s":{},"f":{},"b":{},"meta":{"lastBranch":0,"lastFunction":0,"lastStatement":0,"seen":{}}}
,"/Users/implmbp142/Desktop/inventory-system/frontend/src/images/tea/9.png": {"path":"/Users/implmbp142/Desktop/inventory-system/frontend/src/images/tea/9.png","statementMap":{},"fnMap":{},"branchMap":{},"s":{},"f":{},"b":{},"meta":{"lastBranch":0,"lastFunction":0,"lastStatement":0,"seen":{}}}
,"/Users/implmbp142/Desktop/inventory-system/frontend/src/images/water/1.png": {"path":"/Users/implmbp142/Desktop/inventory-system/frontend/src/images/water/1.png","statementMap":{},"fnMap":{},"branchMap":{},"s":{},"f":{},"b":{},"meta":{"lastBranch":0,"lastFunction":0,"lastStatement":0,"seen":{}}}
,"/Users/implmbp142/Desktop/inventory-system/frontend/src/images/water/2.png": {"path":"/Users/implmbp142/Desktop/inventory-system/frontend/src/images/water/2.png","statementMap":{},"fnMap":{},"branchMap":{},"s":{},"f":{},"b":{},"meta":{"lastBranch":0,"lastFunction":0,"lastStatement":0,"seen":{}}}
,"/Users/implmbp142/Desktop/inventory-system/frontend/src/images/water/3.png": {"path":"/Users/implmbp142/Desktop/inventory-system/frontend/src/images/water/3.png","statementMap":{},"fnMap":{},"branchMap":{},"s":{},"f":{},"b":{},"meta":{"lastBranch":0,"lastFunction":0,"lastStatement":0,"seen":{}}}
,"/Users/implmbp142/Desktop/inventory-system/frontend/src/images/water/4.png": {"path":"/Users/implmbp142/Desktop/inventory-system/frontend/src/images/water/4.png","statementMap":{},"fnMap":{},"branchMap":{},"s":{},"f":{},"b":{},"meta":{"lastBranch":0,"lastFunction":0,"lastStatement":0,"seen":{}}}
,"/Users/implmbp142/Desktop/inventory-system/frontend/src/images/water/5.png": {"path":"/Users/implmbp142/Desktop/inventory-system/frontend/src/images/water/5.png","statementMap":{},"fnMap":{},"branchMap":{},"s":{},"f":{},"b":{},"meta":{"lastBranch":0,"lastFunction":0,"lastStatement":0,"seen":{}}}
,"/Users/implmbp142/Desktop/inventory-system/frontend/src/images/water/6.png": {"path":"/Users/implmbp142/Desktop/inventory-system/frontend/src/images/water/6.png","statementMap":{},"fnMap":{},"branchMap":{},"s":{},"f":{},"b":{},"meta":{"lastBranch":0,"lastFunction":0,"lastStatement":0,"seen":{}}}
,"/Users/implmbp142/Desktop/inventory-system/frontend/src/images/water/7.png": {"path":"/Users/implmbp142/Desktop/inventory-system/frontend/src/images/water/7.png","statementMap":{},"fnMap":{},"branchMap":{},"s":{},"f":{},"b":{},"meta":{"lastBranch":0,"lastFunction":0,"lastStatement":0,"seen":{}}}
,"/Users/implmbp142/Desktop/inventory-system/frontend/src/images/water/8.png": {"path":"/Users/implmbp142/Desktop/inventory-system/frontend/src/images/water/8.png","statementMap":{},"fnMap":{},"branchMap":{},"s":{},"f":{},"b":{},"meta":{"lastBranch":0,"lastFunction":0,"lastStatement":0,"seen":{}}}
,"/Users/implmbp142/Desktop/inventory-system/frontend/src/jsx/Product_details.jsx": {"path":"/Users/implmbp142/Desktop/inventory-system/frontend/src/jsx/Product_details.jsx","statementMap":{"0":{"start":{"line":7,"column":34},"end":{"line":10,"column":null}},"1":{"start":{"line":12,"column":22},"end":{"line":14,"column":null}},"2":{"start":{"line":13,"column":4},"end":{"line":13,"column":null}},"3":{"start":{"line":16,"column":16},"end":{"line":24,"column":null}},"4":{"start":{"line":17,"column":16},"end":{"line":17,"column":null}},"5":{"start":{"line":19,"column":4},"end":{"line":21,"column":null}},"6":{"start":{"line":20,"column":8},"end":{"line":20,"column":null}},"7":{"start":{"line":23,"column":4},"end":{"line":23,"column":null}},"8":{"start":{"line":26,"column":6},"end":{"line":442,"column":null}},"9":{"start":{"line":27,"column":11},"end":{"line":27,"column":null}},"10":{"start":{"line":28,"column":28},"end":{"line":28,"column":null}},"11":{"start":{"line":29,"column":22},"end":{"line":29,"column":null}},"12":{"start":{"line":30,"column":10},"end":{"line":30,"column":null}},"13":{"start":{"line":31,"column":25},"end":{"line":31,"column":null}},"14":{"start":{"line":32,"column":19},"end":{"line":32,"column":null}},"15":{"start":{"line":33,"column":20},"end":{"line":33,"column":null}},"16":{"start":{"line":34,"column":23},"end":{"line":34,"column":null}},"17":{"start":{"line":36,"column":36},"end":{"line":39,"column":null}},"18":{"start":{"line":41,"column":20},"end":{"line":41,"column":null}},"19":{"start":{"line":43,"column":10},"end":{"line":48,"column":null}},"20":{"start":{"line":44,"column":4},"end":{"line":44,"column":null}},"21":{"start":{"line":44,"column":18},"end":{"line":44,"column":null}},"22":{"start":{"line":46,"column":4},"end":{"line":48,"column":6}},"23":{"start":{"line":50,"column":5},"end":{"line":60,"column":null}},"24":{"start":{"line":51,"column":4},"end":{"line":54,"column":null}},"25":{"start":{"line":52,"column":29},"end":{"line":52,"column":null}},"26":{"start":{"line":53,"column":8},"end":{"line":53,"column":null}},"27":{"start":{"line":55,"column":4},"end":{"line":55,"column":null}},"28":{"start":{"line":57,"column":4},"end":{"line":57,"column":null}},"29":{"start":{"line":58,"column":4},"end":{"line":58,"column":null}},"30":{"start":{"line":62,"column":4},"end":{"line":73,"column":null}},"31":{"start":{"line":63,"column":14},"end":{"line":68,"column":null}},"32":{"start":{"line":64,"column":8},"end":{"line":64,"column":null}},"33":{"start":{"line":64,"column":22},"end":{"line":64,"column":null}},"34":{"start":{"line":66,"column":8},"end":{"line":66,"column":null}},"35":{"start":{"line":67,"column":8},"end":{"line":67,"column":null}},"36":{"start":{"line":69,"column":4},"end":{"line":69,"column":null}},"37":{"start":{"line":70,"column":4},"end":{"line":72,"column":null}},"38":{"start":{"line":71,"column":8},"end":{"line":71,"column":null}},"39":{"start":{"line":76,"column":8},"end":{"line":78,"column":null}},"40":{"start":{"line":80,"column":10},"end":{"line":117,"column":null}},"41":{"start":{"line":81,"column":8},"end":{"line":81,"column":null}},"42":{"start":{"line":81,"column":19},"end":{"line":81,"column":null}},"43":{"start":{"line":84,"column":12},"end":{"line":86,"column":null}},"44":{"start":{"line":88,"column":25},"end":{"line":90,"column":null}},"45":{"start":{"line":92,"column":8},"end":{"line":94,"column":null}},"46":{"start":{"line":93,"column":12},"end":{"line":93,"column":null}},"47":{"start":{"line":96,"column":25},"end":{"line":98,"column":null}},"48":{"start":{"line":100,"column":24},"end":{"line":100,"column":null}},"49":{"start":{"line":102,"column":30},"end":{"line":110,"column":null}},"50":{"start":{"line":103,"column":26},"end":{"line":103,"column":null}},"51":{"start":{"line":104,"column":31},"end":{"line":104,"column":null}},"52":{"start":{"line":106,"column":12},"end":{"line":108,"column":null}},"53":{"start":{"line":112,"column":8},"end":{"line":114,"column":null}},"54":{"start":{"line":113,"column":12},"end":{"line":113,"column":null}},"55":{"start":{"line":116,"column":8},"end":{"line":116,"column":null}},"56":{"start":{"line":120,"column":8},"end":{"line":122,"column":null}},"57":{"start":{"line":124,"column":10},"end":{"line":132,"column":null}},"58":{"start":{"line":125,"column":8},"end":{"line":125,"column":null}},"59":{"start":{"line":125,"column":40},"end":{"line":125,"column":null}},"60":{"start":{"line":127,"column":8},"end":{"line":131,"column":null}},"61":{"start":{"line":128,"column":12},"end":{"line":130,"column":null}},"62":{"start":{"line":134,"column":10},"end":{"line":142,"column":null}},"63":{"start":{"line":135,"column":8},"end":{"line":135,"column":null}},"64":{"start":{"line":135,"column":40},"end":{"line":135,"column":null}},"65":{"start":{"line":137,"column":8},"end":{"line":141,"column":null}},"66":{"start":{"line":138,"column":12},"end":{"line":140,"column":null}},"67":{"start":{"line":144,"column":10},"end":{"line":150,"column":null}},"68":{"start":{"line":145,"column":8},"end":{"line":145,"column":null}},"69":{"start":{"line":145,"column":35},"end":{"line":145,"column":null}},"70":{"start":{"line":147,"column":8},"end":{"line":149,"column":null}},"71":{"start":{"line":148,"column":12},"end":{"line":148,"column":null}},"72":{"start":{"line":153,"column":8},"end":{"line":154,"column":null}},"73":{"start":{"line":156,"column":10},"end":{"line":162,"column":null}},"74":{"start":{"line":158,"column":8},"end":{"line":158,"column":null}},"75":{"start":{"line":158,"column":35},"end":{"line":158,"column":null}},"76":{"start":{"line":159,"column":8},"end":{"line":159,"column":null}},"77":{"start":{"line":159,"column":28},"end":{"line":159,"column":null}},"78":{"start":{"line":161,"column":8},"end":{"line":161,"column":null}},"79":{"start":{"line":164,"column":27},"end":{"line":234,"column":null}},"80":{"start":{"line":166,"column":8},"end":{"line":166,"column":null}},"81":{"start":{"line":166,"column":26},"end":{"line":166,"column":null}},"82":{"start":{"line":168,"column":22},"end":{"line":168,"column":null}},"83":{"start":{"line":170,"column":8},"end":{"line":173,"column":null}},"84":{"start":{"line":172,"column":12},"end":{"line":172,"column":null}},"85":{"start":{"line":173,"column":12},"end":{"line":173,"column":19}},"86":{"start":{"line":175,"column":8},"end":{"line":177,"column":null}},"87":{"start":{"line":176,"column":12},"end":{"line":176,"column":null}},"88":{"start":{"line":177,"column":12},"end":{"line":177,"column":19}},"89":{"start":{"line":179,"column":8},"end":{"line":181,"column":null}},"90":{"start":{"line":180,"column":12},"end":{"line":180,"column":null}},"91":{"start":{"line":181,"column":12},"end":{"line":181,"column":19}},"92":{"start":{"line":183,"column":8},"end":{"line":185,"column":null}},"93":{"start":{"line":184,"column":12},"end":{"line":184,"column":null}},"94":{"start":{"line":185,"column":12},"end":{"line":185,"column":19}},"95":{"start":{"line":187,"column":20},"end":{"line":187,"column":null}},"96":{"start":{"line":188,"column":21},"end":{"line":188,"column":null}},"97":{"start":{"line":189,"column":28},"end":{"line":189,"column":null}},"98":{"start":{"line":191,"column":8},"end":{"line":193,"column":null}},"99":{"start":{"line":192,"column":15},"end":{"line":192,"column":null}},"100":{"start":{"line":193,"column":15},"end":{"line":193,"column":22}},"101":{"start":{"line":195,"column":8},"end":{"line":198,"column":null}},"102":{"start":{"line":196,"column":12},"end":{"line":196,"column":null}},"103":{"start":{"line":197,"column":12},"end":{"line":197,"column":null}},"104":{"start":{"line":200,"column":4},"end":{"line":233,"column":null}},"105":{"start":{"line":202,"column":34},"end":{"line":207,"column":null}},"106":{"start":{"line":208,"column":24},"end":{"line":214,"column":null}},"107":{"start":{"line":216,"column":8},"end":{"line":216,"column":null}},"108":{"start":{"line":217,"column":8},"end":{"line":217,"column":null}},"109":{"start":{"line":219,"column":4},"end":{"line":222,"column":null}},"110":{"start":{"line":220,"column":8},"end":{"line":220,"column":null}},"111":{"start":{"line":221,"column":8},"end":{"line":221,"column":null}},"112":{"start":{"line":224,"column":8},"end":{"line":224,"column":null}},"113":{"start":{"line":226,"column":8},"end":{"line":226,"column":null}},"114":{"start":{"line":227,"column":8},"end":{"line":227,"column":null}},"115":{"start":{"line":230,"column":12},"end":{"line":230,"column":null}},"116":{"start":{"line":232,"column":12},"end":{"line":232,"column":null}},"117":{"start":{"line":236,"column":0},"end":{"line":247,"column":null}},"118":{"start":{"line":237,"column":8},"end":{"line":245,"column":null}},"119":{"start":{"line":249,"column":4},"end":{"line":270,"column":null}},"120":{"start":{"line":250,"column":8},"end":{"line":268,"column":null}},"121":{"start":{"line":260,"column":43},"end":{"line":260,"column":null}},"122":{"start":{"line":272,"column":4},"end":{"line":440,"column":null}},"123":{"start":{"line":308,"column":44},"end":{"line":308,"column":null}},"124":{"start":{"line":366,"column":52},"end":{"line":366,"column":null}},"125":{"start":{"line":386,"column":52},"end":{"line":386,"column":null}}},"fnMap":{"0":{"name":"(anonymous_0)","decl":{"start":{"line":12,"column":49},"end":{"line":12,"column":54}},"loc":{"start":{"line":13,"column":4},"end":{"line":13,"column":null}},"line":13},"1":{"name":"(anonymous_1)","decl":{"start":{"line":16,"column":16},"end":{"line":16,"column":23}},"loc":{"start":{"line":16,"column":35},"end":{"line":24,"column":null}},"line":16},"2":{"name":"(anonymous_2)","decl":{"start":{"line":26,"column":6},"end":{"line":26,"column":30}},"loc":{"start":{"line":26,"column":30},"end":{"line":442,"column":null}},"line":26},"3":{"name":"(anonymous_3)","decl":{"start":{"line":43,"column":10},"end":{"line":43,"column":37}},"loc":{"start":{"line":43,"column":37},"end":{"line":48,"column":null}},"line":43},"4":{"name":"(anonymous_4)","decl":{"start":{"line":50,"column":5},"end":{"line":50,"column":21}},"loc":{"start":{"line":50,"column":21},"end":{"line":60,"column":3}},"line":50},"5":{"name":"(anonymous_5)","decl":{"start":{"line":62,"column":4},"end":{"line":62,"column":20}},"loc":{"start":{"line":62,"column":20},"end":{"line":73,"column":7}},"line":62},"6":{"name":"(anonymous_6)","decl":{"start":{"line":63,"column":14},"end":{"line":63,"column":36}},"loc":{"start":{"line":63,"column":42},"end":{"line":68,"column":null}},"line":63},"7":{"name":"(anonymous_7)","decl":{"start":{"line":70,"column":4},"end":{"line":70,"column":17}},"loc":{"start":{"line":70,"column":17},"end":{"line":72,"column":null}},"line":70},"8":{"name":"(anonymous_8)","decl":{"start":{"line":80,"column":26},"end":{"line":80,"column":40}},"loc":{"start":{"line":80,"column":40},"end":{"line":117,"column":7}},"line":80},"9":{"name":"(anonymous_9)","decl":{"start":{"line":102,"column":44},"end":{"line":102,"column":52}},"loc":{"start":{"line":102,"column":61},"end":{"line":110,"column":9}},"line":102},"10":{"name":"(anonymous_10)","decl":{"start":{"line":124,"column":10},"end":{"line":124,"column":34}},"loc":{"start":{"line":124,"column":34},"end":{"line":132,"column":null}},"line":124},"11":{"name":"(anonymous_11)","decl":{"start":{"line":127,"column":8},"end":{"line":127,"column":23}},"loc":{"start":{"line":128,"column":12},"end":{"line":130,"column":null}},"line":128},"12":{"name":"(anonymous_12)","decl":{"start":{"line":134,"column":10},"end":{"line":134,"column":34}},"loc":{"start":{"line":134,"column":34},"end":{"line":142,"column":null}},"line":134},"13":{"name":"(anonymous_13)","decl":{"start":{"line":137,"column":8},"end":{"line":137,"column":23}},"loc":{"start":{"line":138,"column":12},"end":{"line":140,"column":null}},"line":138},"14":{"name":"(anonymous_14)","decl":{"start":{"line":144,"column":10},"end":{"line":144,"column":29}},"loc":{"start":{"line":144,"column":29},"end":{"line":150,"column":null}},"line":144},"15":{"name":"(anonymous_15)","decl":{"start":{"line":156,"column":10},"end":{"line":156,"column":29}},"loc":{"start":{"line":156,"column":29},"end":{"line":162,"column":null}},"line":156},"16":{"name":"(anonymous_16)","decl":{"start":{"line":164,"column":27},"end":{"line":164,"column":39}},"loc":{"start":{"line":164,"column":39},"end":{"line":234,"column":null}},"line":164},"17":{"name":"(anonymous_17)","decl":{"start":{"line":260,"column":28},"end":{"line":260,"column":43}},"loc":{"start":{"line":260,"column":43},"end":{"line":260,"column":null}},"line":260},"18":{"name":"(anonymous_18)","decl":{"start":{"line":307,"column":40},"end":{"line":307,"column":50}},"loc":{"start":{"line":307,"column":56},"end":{"line":309,"column":null}},"line":307},"19":{"name":"(anonymous_19)","decl":{"start":{"line":365,"column":48},"end":{"line":365,"column":59}},"loc":{"start":{"line":366,"column":52},"end":{"line":366,"column":null}},"line":366},"20":{"name":"(anonymous_20)","decl":{"start":{"line":385,"column":48},"end":{"line":385,"column":59}},"loc":{"start":{"line":386,"column":52},"end":{"line":386,"column":null}},"line":386}},"branchMap":{"0":{"loc":{"start":{"line":19,"column":4},"end":{"line":21,"column":null}},"type":"if","locations":[{"start":{"line":19,"column":4},"end":{"line":21,"column":null}},{"start":{},"end":{}}],"line":19},"1":{"loc":{"start":{"line":29,"column":22},"end":{"line":29,"column":null}},"type":"binary-expr","locations":[{"start":{"line":29,"column":22},"end":{"line":29,"column":43}},{"start":{"line":29,"column":43},"end":{"line":29,"column":null}}],"line":29},"2":{"loc":{"start":{"line":41,"column":20},"end":{"line":41,"column":null}},"type":"binary-expr","locations":[{"start":{"line":41,"column":20},"end":{"line":41,"column":37}},{"start":{"line":41,"column":37},"end":{"line":41,"column":null}}],"line":41},"3":{"loc":{"start":{"line":44,"column":4},"end":{"line":44,"column":null}},"type":"if","locations":[{"start":{"line":44,"column":4},"end":{"line":44,"column":null}},{"start":{},"end":{}}],"line":44},"4":{"loc":{"start":{"line":51,"column":4},"end":{"line":54,"column":null}},"type":"if","locations":[{"start":{"line":51,"column":4},"end":{"line":54,"column":null}},{"start":{},"end":{}}],"line":51},"5":{"loc":{"start":{"line":52,"column":29},"end":{"line":52,"column":null}},"type":"binary-expr","locations":[{"start":{"line":52,"column":29},"end":{"line":52,"column":54}},{"start":{"line":52,"column":54},"end":{"line":52,"column":72}},{"start":{"line":52,"column":72},"end":{"line":52,"column":null}}],"line":52},"6":{"loc":{"start":{"line":64,"column":8},"end":{"line":64,"column":null}},"type":"if","locations":[{"start":{"line":64,"column":8},"end":{"line":64,"column":null}},{"start":{},"end":{}}],"line":64},"7":{"loc":{"start":{"line":76,"column":8},"end":{"line":78,"column":null}},"type":"binary-expr","locations":[{"start":{"line":76,"column":8},"end":{"line":76,"column":null}},{"start":{"line":77,"column":8},"end":{"line":77,"column":null}},{"start":{"line":78,"column":8},"end":{"line":78,"column":null}}],"line":76},"8":{"loc":{"start":{"line":81,"column":8},"end":{"line":81,"column":null}},"type":"if","locations":[{"start":{"line":81,"column":8},"end":{"line":81,"column":null}},{"start":{},"end":{}}],"line":81},"9":{"loc":{"start":{"line":84,"column":12},"end":{"line":86,"column":null}},"type":"binary-expr","locations":[{"start":{"line":84,"column":12},"end":{"line":84,"column":null}},{"start":{"line":85,"column":12},"end":{"line":85,"column":null}},{"start":{"line":86,"column":12},"end":{"line":86,"column":null}}],"line":84},"10":{"loc":{"start":{"line":88,"column":25},"end":{"line":90,"column":null}},"type":"cond-expr","locations":[{"start":{"line":89,"column":14},"end":{"line":89,"column":null}},{"start":{"line":90,"column":14},"end":{"line":90,"column":null}}],"line":88},"11":{"loc":{"start":{"line":92,"column":8},"end":{"line":94,"column":null}},"type":"if","locations":[{"start":{"line":92,"column":8},"end":{"line":94,"column":null}},{"start":{},"end":{}}],"line":92},"12":{"loc":{"start":{"line":92,"column":12},"end":{"line":92,"column":55}},"type":"binary-expr","locations":[{"start":{"line":92,"column":12},"end":{"line":92,"column":26}},{"start":{"line":92,"column":26},"end":{"line":92,"column":55}}],"line":92},"13":{"loc":{"start":{"line":96,"column":25},"end":{"line":98,"column":null}},"type":"cond-expr","locations":[{"start":{"line":97,"column":14},"end":{"line":97,"column":null}},{"start":{"line":98,"column":14},"end":{"line":98,"column":null}}],"line":96},"14":{"loc":{"start":{"line":107,"column":16},"end":{"line":108,"column":null}},"type":"binary-expr","locations":[{"start":{"line":107,"column":16},"end":{"line":107,"column":null}},{"start":{"line":108,"column":16},"end":{"line":108,"column":null}}],"line":107},"15":{"loc":{"start":{"line":112,"column":8},"end":{"line":114,"column":null}},"type":"if","locations":[{"start":{"line":112,"column":8},"end":{"line":114,"column":null}},{"start":{},"end":{}}],"line":112},"16":{"loc":{"start":{"line":120,"column":8},"end":{"line":122,"column":null}},"type":"cond-expr","locations":[{"start":{"line":121,"column":14},"end":{"line":121,"column":null}},{"start":{"line":122,"column":14},"end":{"line":122,"column":null}}],"line":120},"17":{"loc":{"start":{"line":125,"column":8},"end":{"line":125,"column":null}},"type":"if","locations":[{"start":{"line":125,"column":8},"end":{"line":125,"column":null}},{"start":{},"end":{}}],"line":125},"18":{"loc":{"start":{"line":128,"column":12},"end":{"line":130,"column":null}},"type":"cond-expr","locations":[{"start":{"line":129,"column":18},"end":{"line":129,"column":null}},{"start":{"line":130,"column":18},"end":{"line":130,"column":null}}],"line":128},"19":{"loc":{"start":{"line":135,"column":8},"end":{"line":135,"column":null}},"type":"if","locations":[{"start":{"line":135,"column":8},"end":{"line":135,"column":null}},{"start":{},"end":{}}],"line":135},"20":{"loc":{"start":{"line":138,"column":12},"end":{"line":140,"column":null}},"type":"cond-expr","locations":[{"start":{"line":139,"column":18},"end":{"line":139,"column":null}},{"start":{"line":140,"column":18},"end":{"line":140,"column":null}}],"line":138},"21":{"loc":{"start":{"line":145,"column":8},"end":{"line":145,"column":null}},"type":"if","locations":[{"start":{"line":145,"column":8},"end":{"line":145,"column":null}},{"start":{},"end":{}}],"line":145},"22":{"loc":{"start":{"line":147,"column":8},"end":{"line":149,"column":null}},"type":"if","locations":[{"start":{"line":147,"column":8},"end":{"line":149,"column":null}},{"start":{},"end":{}}],"line":147},"23":{"loc":{"start":{"line":153,"column":8},"end":{"line":154,"column":null}},"type":"binary-expr","locations":[{"start":{"line":153,"column":8},"end":{"line":153,"column":null}},{"start":{"line":154,"column":8},"end":{"line":154,"column":null}}],"line":153},"24":{"loc":{"start":{"line":158,"column":8},"end":{"line":158,"column":null}},"type":"if","locations":[{"start":{"line":158,"column":8},"end":{"line":158,"column":null}},{"start":{},"end":{}}],"line":158},"25":{"loc":{"start":{"line":159,"column":8},"end":{"line":159,"column":null}},"type":"if","locations":[{"start":{"line":159,"column":8},"end":{"line":159,"column":null}},{"start":{},"end":{}}],"line":159},"26":{"loc":{"start":{"line":166,"column":8},"end":{"line":166,"column":null}},"type":"if","locations":[{"start":{"line":166,"column":8},"end":{"line":166,"column":null}},{"start":{},"end":{}}],"line":166},"27":{"loc":{"start":{"line":170,"column":8},"end":{"line":173,"column":null}},"type":"if","locations":[{"start":{"line":170,"column":8},"end":{"line":173,"column":null}},{"start":{},"end":{}}],"line":170},"28":{"loc":{"start":{"line":170,"column":13},"end":{"line":171,"column":50}},"type":"binary-expr","locations":[{"start":{"line":170,"column":13},"end":{"line":170,"column":30}},{"start":{"line":170,"column":30},"end":{"line":170,"column":null}},{"start":{"line":171,"column":9},"end":{"line":171,"column":27}},{"start":{"line":171,"column":27},"end":{"line":171,"column":50}}],"line":170},"29":{"loc":{"start":{"line":175,"column":8},"end":{"line":177,"column":null}},"type":"if","locations":[{"start":{"line":175,"column":8},"end":{"line":177,"column":null}},{"start":{},"end":{}}],"line":175},"30":{"loc":{"start":{"line":175,"column":11},"end":{"line":175,"column":57}},"type":"binary-expr","locations":[{"start":{"line":175,"column":11},"end":{"line":175,"column":35}},{"start":{"line":175,"column":35},"end":{"line":175,"column":57}}],"line":175},"31":{"loc":{"start":{"line":179,"column":8},"end":{"line":181,"column":null}},"type":"if","locations":[{"start":{"line":179,"column":8},"end":{"line":181,"column":null}},{"start":{},"end":{}}],"line":179},"32":{"loc":{"start":{"line":179,"column":11},"end":{"line":179,"column":61}},"type":"binary-expr","locations":[{"start":{"line":179,"column":11},"end":{"line":179,"column":37}},{"start":{"line":179,"column":37},"end":{"line":179,"column":61}}],"line":179},"33":{"loc":{"start":{"line":183,"column":8},"end":{"line":185,"column":null}},"type":"if","locations":[{"start":{"line":183,"column":8},"end":{"line":185,"column":null}},{"start":{},"end":{}}],"line":183},"34":{"loc":{"start":{"line":183,"column":11},"end":{"line":183,"column":53}},"type":"binary-expr","locations":[{"start":{"line":183,"column":11},"end":{"line":183,"column":33}},{"start":{"line":183,"column":33},"end":{"line":183,"column":53}}],"line":183},"35":{"loc":{"start":{"line":187,"column":20},"end":{"line":187,"column":null}},"type":"binary-expr","locations":[{"start":{"line":187,"column":20},"end":{"line":187,"column":38}},{"start":{"line":187,"column":38},"end":{"line":187,"column":null}}],"line":187},"36":{"loc":{"start":{"line":188,"column":21},"end":{"line":188,"column":null}},"type":"binary-expr","locations":[{"start":{"line":188,"column":21},"end":{"line":188,"column":40}},{"start":{"line":188,"column":40},"end":{"line":188,"column":null}}],"line":188},"37":{"loc":{"start":{"line":191,"column":8},"end":{"line":193,"column":null}},"type":"if","locations":[{"start":{"line":191,"column":8},"end":{"line":193,"column":null}},{"start":{},"end":{}}],"line":191},"38":{"loc":{"start":{"line":195,"column":8},"end":{"line":198,"column":null}},"type":"if","locations":[{"start":{"line":195,"column":8},"end":{"line":198,"column":null}},{"start":{},"end":{}}],"line":195},"39":{"loc":{"start":{"line":203,"column":24},"end":{"line":203,"column":null}},"type":"binary-expr","locations":[{"start":{"line":203,"column":24},"end":{"line":203,"column":48}},{"start":{"line":203,"column":48},"end":{"line":203,"column":68}},{"start":{"line":203,"column":68},"end":{"line":203,"column":null}}],"line":203},"40":{"loc":{"start":{"line":206,"column":19},"end":{"line":206,"column":null}},"type":"binary-expr","locations":[{"start":{"line":206,"column":19},"end":{"line":206,"column":44}},{"start":{"line":206,"column":44},"end":{"line":206,"column":null}}],"line":206},"41":{"loc":{"start":{"line":219,"column":4},"end":{"line":222,"column":null}},"type":"if","locations":[{"start":{"line":219,"column":4},"end":{"line":222,"column":null}},{"start":{},"end":{}}],"line":219},"42":{"loc":{"start":{"line":236,"column":0},"end":{"line":247,"column":null}},"type":"if","locations":[{"start":{"line":236,"column":0},"end":{"line":247,"column":null}},{"start":{},"end":{}}],"line":236},"43":{"loc":{"start":{"line":249,"column":4},"end":{"line":270,"column":null}},"type":"if","locations":[{"start":{"line":249,"column":4},"end":{"line":270,"column":null}},{"start":{},"end":{}}],"line":249},"44":{"loc":{"start":{"line":249,"column":8},"end":{"line":249,"column":24}},"type":"binary-expr","locations":[{"start":{"line":249,"column":8},"end":{"line":249,"column":17}},{"start":{"line":249,"column":17},"end":{"line":249,"column":24}}],"line":249},"45":{"loc":{"start":{"line":302,"column":33},"end":{"line":314,"column":null}},"type":"cond-expr","locations":[{"start":{"line":303,"column":36},"end":{"line":312,"column":37}},{"start":{"line":312,"column":36},"end":{"line":314,"column":null}}],"line":302},"46":{"loc":{"start":{"line":317,"column":33},"end":{"line":336,"column":null}},"type":"binary-expr","locations":[{"start":{"line":317,"column":33},"end":{"line":317,"column":null}},{"start":{"line":318,"column":36},"end":{"line":336,"column":null}}],"line":317}},"s":{"0":1,"1":1,"2":53,"3":1,"4":0,"5":0,"6":0,"7":0,"8":1,"9":3,"10":3,"11":3,"12":3,"13":3,"14":3,"15":3,"16":3,"17":3,"18":3,"19":3,"20":0,"21":0,"22":0,"23":3,"24":2,"25":2,"26":2,"27":2,"28":2,"29":2,"30":3,"31":1,"32":0,"33":0,"34":0,"35":0,"36":1,"37":1,"38":1,"39":3,"40":3,"41":3,"42":0,"43":3,"44":3,"45":3,"46":0,"47":3,"48":3,"49":3,"50":159,"51":159,"52":159,"53":3,"54":3,"55":0,"56":3,"57":3,"58":0,"59":0,"60":0,"61":0,"62":3,"63":0,"64":0,"65":0,"66":0,"67":3,"68":0,"69":0,"70":0,"71":0,"72":3,"73":3,"74":0,"75":0,"76":0,"77":0,"78":0,"79":3,"80":0,"81":0,"82":0,"83":0,"84":0,"85":0,"86":0,"87":0,"88":0,"89":0,"90":0,"91":0,"92":0,"93":0,"94":0,"95":0,"96":0,"97":0,"98":0,"99":0,"100":0,"101":0,"102":0,"103":0,"104":0,"105":0,"106":0,"107":0,"108":0,"109":0,"110":0,"111":0,"112":0,"113":0,"114":0,"115":0,"116":0,"117":3,"118":0,"119":3,"120":0,"121":0,"122":3,"123":0,"124":0,"125":0},"f":{"0":53,"1":0,"2":3,"3":0,"4":2,"5":1,"6":0,"7":1,"8":3,"9":159,"10":0,"11":0,"12":0,"13":0,"14":0,"15":0,"16":0,"17":0,"18":0,"19":0,"20":0},"b":{"0":[0,0],"1":[3,0],"2":[3,3],"3":[0,0],"4":[2,0],"5":[2,0,0],"6":[0,0],"7":[3,0,0],"8":[0,3],"9":[3,3,3],"10":[0,3],"11":[0,3],"12":[3,0],"13":[0,3],"14":[159,156],"15":[3,0],"16":[3,0],"17":[0,0],"18":[0,0],"19":[0,0],"20":[0,0],"21":[0,0],"22":[0,0],"23":[3,0],"24":[0,0],"25":[0,0],"26":[0,0],"27":[0,0],"28":[0,0,0,0],"29":[0,0],"30":[0,0],"31":[0,0],"32":[0,0],"33":[0,0],"34":[0,0],"35":[0,0],"36":[0,0],"37":[0,0],"38":[0,0],"39":[0,0,0],"40":[0,0],"41":[0,0],"42":[0,3],"43":[0,3],"44":[3,3],"45":[3,0],"46":[3,0]},"meta":{"lastBranch":47,"lastFunction":21,"lastStatement":126,"seen":{"s:7:34:10:Infinity":0,"s:12:22:14:Infinity":1,"f:12:49:12:54":0,"s:13:4:13:Infinity":2,"s:16:16:24:Infinity":3,"f:16:16:16:23":1,"s:17:16:17:Infinity":4,"b:19:4:21:Infinity:undefined:undefined:undefined:undefined":0,"s:19:4:21:Infinity":5,"s:20:8:20:Infinity":6,"s:23:4:23:Infinity":7,"s:26:6:442:Infinity":8,"f:26:6:26:30":2,"s:27:11:27:Infinity":9,"s:28:28:28:Infinity":10,"s:29:22:29:Infinity":11,"b:29:22:29:43:29:43:29:Infinity":1,"s:30:10:30:Infinity":12,"s:31:25:31:Infinity":13,"s:32:19:32:Infinity":14,"s:33:20:33:Infinity":15,"s:34:23:34:Infinity":16,"s:36:36:39:Infinity":17,"s:41:20:41:Infinity":18,"b:41:20:41:37:41:37:41:Infinity":2,"s:43:10:48:Infinity":19,"f:43:10:43:37":3,"b:44:4:44:Infinity:undefined:undefined:undefined:undefined":3,"s:44:4:44:Infinity":20,"s:44:18:44:Infinity":21,"s:46:4:48:6":22,"s:50:5:60:Infinity":23,"f:50:5:50:21":4,"b:51:4:54:Infinity:undefined:undefined:undefined:undefined":4,"s:51:4:54:Infinity":24,"s:52:29:52:Infinity":25,"b:52:29:52:54:52:54:52:72:52:72:52:Infinity":5,"s:53:8:53:Infinity":26,"s:55:4:55:Infinity":27,"s:57:4:57:Infinity":28,"s:58:4:58:Infinity":29,"s:62:4:73:Infinity":30,"f:62:4:62:20":5,"s:63:14:68:Infinity":31,"f:63:14:63:36":6,"b:64:8:64:Infinity:undefined:undefined:undefined:undefined":6,"s:64:8:64:Infinity":32,"s:64:22:64:Infinity":33,"s:66:8:66:Infinity":34,"s:67:8:67:Infinity":35,"s:69:4:69:Infinity":36,"s:70:4:72:Infinity":37,"f:70:4:70:17":7,"s:71:8:71:Infinity":38,"s:76:8:78:Infinity":39,"b:76:8:76:Infinity:77:8:77:Infinity:78:8:78:Infinity":7,"s:80:10:117:Infinity":40,"f:80:26:80:40":8,"b:81:8:81:Infinity:undefined:undefined:undefined:undefined":8,"s:81:8:81:Infinity":41,"s:81:19:81:Infinity":42,"s:84:12:86:Infinity":43,"b:84:12:84:Infinity:85:12:85:Infinity:86:12:86:Infinity":9,"s:88:25:90:Infinity":44,"b:89:14:89:Infinity:90:14:90:Infinity":10,"b:92:8:94:Infinity:undefined:undefined:undefined:undefined":11,"s:92:8:94:Infinity":45,"b:92:12:92:26:92:26:92:55":12,"s:93:12:93:Infinity":46,"s:96:25:98:Infinity":47,"b:97:14:97:Infinity:98:14:98:Infinity":13,"s:100:24:100:Infinity":48,"s:102:30:110:Infinity":49,"f:102:44:102:52":9,"s:103:26:103:Infinity":50,"s:104:31:104:Infinity":51,"s:106:12:108:Infinity":52,"b:107:16:107:Infinity:108:16:108:Infinity":14,"b:112:8:114:Infinity:undefined:undefined:undefined:undefined":15,"s:112:8:114:Infinity":53,"s:113:12:113:Infinity":54,"s:116:8:116:Infinity":55,"s:120:8:122:Infinity":56,"b:121:14:121:Infinity:122:14:122:Infinity":16,"s:124:10:132:Infinity":57,"f:124:10:124:34":10,"b:125:8:125:Infinity:undefined:undefined:undefined:undefined":17,"s:125:8:125:Infinity":58,"s:125:40:125:Infinity":59,"s:127:8:131:Infinity":60,"f:127:8:127:23":11,"s:128:12:130:Infinity":61,"b:129:18:129:Infinity:130:18:130:Infinity":18,"s:134:10:142:Infinity":62,"f:134:10:134:34":12,"b:135:8:135:Infinity:undefined:undefined:undefined:undefined":19,"s:135:8:135:Infinity":63,"s:135:40:135:Infinity":64,"s:137:8:141:Infinity":65,"f:137:8:137:23":13,"s:138:12:140:Infinity":66,"b:139:18:139:Infinity:140:18:140:Infinity":20,"s:144:10:150:Infinity":67,"f:144:10:144:29":14,"b:145:8:145:Infinity:undefined:undefined:undefined:undefined":21,"s:145:8:145:Infinity":68,"s:145:35:145:Infinity":69,"b:147:8:149:Infinity:undefined:undefined:undefined:undefined":22,"s:147:8:149:Infinity":70,"s:148:12:148:Infinity":71,"s:153:8:154:Infinity":72,"b:153:8:153:Infinity:154:8:154:Infinity":23,"s:156:10:162:Infinity":73,"f:156:10:156:29":15,"b:158:8:158:Infinity:undefined:undefined:undefined:undefined":24,"s:158:8:158:Infinity":74,"s:158:35:158:Infinity":75,"b:159:8:159:Infinity:undefined:undefined:undefined:undefined":25,"s:159:8:159:Infinity":76,"s:159:28:159:Infinity":77,"s:161:8:161:Infinity":78,"s:164:27:234:Infinity":79,"f:164:27:164:39":16,"b:166:8:166:Infinity:undefined:undefined:undefined:undefined":26,"s:166:8:166:Infinity":80,"s:166:26:166:Infinity":81,"s:168:22:168:Infinity":82,"b:170:8:173:Infinity:undefined:undefined:undefined:undefined":27,"s:170:8:173:Infinity":83,"b:170:13:170:30:170:30:170:Infinity:171:9:171:27:171:27:171:50":28,"s:172:12:172:Infinity":84,"s:173:12:173:19":85,"b:175:8:177:Infinity:undefined:undefined:undefined:undefined":29,"s:175:8:177:Infinity":86,"b:175:11:175:35:175:35:175:57":30,"s:176:12:176:Infinity":87,"s:177:12:177:19":88,"b:179:8:181:Infinity:undefined:undefined:undefined:undefined":31,"s:179:8:181:Infinity":89,"b:179:11:179:37:179:37:179:61":32,"s:180:12:180:Infinity":90,"s:181:12:181:19":91,"b:183:8:185:Infinity:undefined:undefined:undefined:undefined":33,"s:183:8:185:Infinity":92,"b:183:11:183:33:183:33:183:53":34,"s:184:12:184:Infinity":93,"s:185:12:185:19":94,"s:187:20:187:Infinity":95,"b:187:20:187:38:187:38:187:Infinity":35,"s:188:21:188:Infinity":96,"b:188:21:188:40:188:40:188:Infinity":36,"s:189:28:189:Infinity":97,"b:191:8:193:Infinity:undefined:undefined:undefined:undefined":37,"s:191:8:193:Infinity":98,"s:192:15:192:Infinity":99,"s:193:15:193:22":100,"b:195:8:198:Infinity:undefined:undefined:undefined:undefined":38,"s:195:8:198:Infinity":101,"s:196:12:196:Infinity":102,"s:197:12:197:Infinity":103,"s:200:4:233:Infinity":104,"s:202:34:207:Infinity":105,"b:203:24:203:48:203:48:203:68:203:68:203:Infinity":39,"b:206:19:206:44:206:44:206:Infinity":40,"s:208:24:214:Infinity":106,"s:216:8:216:Infinity":107,"s:217:8:217:Infinity":108,"b:219:4:222:Infinity:undefined:undefined:undefined:undefined":41,"s:219:4:222:Infinity":109,"s:220:8:220:Infinity":110,"s:221:8:221:Infinity":111,"s:224:8:224:Infinity":112,"s:226:8:226:Infinity":113,"s:227:8:227:Infinity":114,"s:230:12:230:Infinity":115,"s:232:12:232:Infinity":116,"b:236:0:247:Infinity:undefined:undefined:undefined:undefined":42,"s:236:0:247:Infinity":117,"s:237:8:245:Infinity":118,"b:249:4:270:Infinity:undefined:undefined:undefined:undefined":43,"s:249:4:270:Infinity":119,"b:249:8:249:17:249:17:249:24":44,"s:250:8:268:Infinity":120,"f:260:28:260:43":17,"s:260:43:260:Infinity":121,"s:272:4:440:Infinity":122,"b:303:36:312:37:312:36:314:Infinity":45,"f:307:40:307:50":18,"s:308:44:308:Infinity":123,"b:317:33:317:Infinity:318:36:336:Infinity":46,"f:365:48:365:59":19,"s:366:52:366:Infinity":124,"f:385:48:385:59":20,"s:386:52:386:Infinity":125}}}
,"/Users/implmbp142/Desktop/inventory-system/frontend/src/jsx/product_details.css": {"path":"/Users/implmbp142/Desktop/inventory-system/frontend/src/jsx/product_details.css","statementMap":{},"fnMap":{},"branchMap":{},"s":{},"f":{},"b":{},"meta":{"lastBranch":0,"lastFunction":0,"lastStatement":0,"seen":{}}}
}
